\BOOKMARK [1][-]{section.1}{Naive Bayesian}{}% 1
\BOOKMARK [2][-]{subsection.1.1}{Basic Definition}{section.1}% 2
\BOOKMARK [2][-]{subsection.1.2}{Continuous Example \(GNB\)}{section.1}% 3
\BOOKMARK [1][-]{section.2}{Support Vector Machine and Regression}{}% 4
\BOOKMARK [2][-]{subsection.2.1}{Separable}{section.2}% 5
\BOOKMARK [2][-]{subsection.2.2}{Non Separable}{section.2}% 6
\BOOKMARK [2][-]{subsection.2.3}{Solver}{section.2}% 7
\BOOKMARK [2][-]{subsection.2.4}{Dual Problem}{section.2}% 8
\BOOKMARK [2][-]{subsection.2.5}{Regression}{section.2}% 9
\BOOKMARK [2][-]{subsection.2.6}{Summary}{section.2}% 10
\BOOKMARK [1][-]{section.3}{Kalman Filter and Hidden Markov Model}{}% 11
\BOOKMARK [2][-]{subsection.3.1}{Basic Definition}{section.3}% 12
\BOOKMARK [2][-]{subsection.3.2}{EM Algorithm}{section.3}% 13
\BOOKMARK [2][-]{subsection.3.3}{HMM vs Kalman \(State Space Model\)}{section.3}% 14
\BOOKMARK [1][-]{section.4}{Trees}{}% 15
\BOOKMARK [2][-]{subsection.4.1}{Decision Tree}{section.4}% 16
\BOOKMARK [2][-]{subsection.4.2}{Random Forest}{section.4}% 17
\BOOKMARK [2][-]{subsection.4.3}{XGBoost}{section.4}% 18
\BOOKMARK [1][-]{section.5}{Boost Method}{}% 19
\BOOKMARK [2][-]{subsection.5.1}{Adaboost}{section.5}% 20
\BOOKMARK [1][-]{section.6}{Factor Selection}{}% 21
\BOOKMARK [2][-]{subsection.6.1}{Stepwise Selection}{section.6}% 22
\BOOKMARK [2][-]{subsection.6.2}{Stagewise Selection}{section.6}% 23
